Arguments: 
  C:\Program Files (x86)\nodejs\node.exe C:\Users\57481\AppData\Roaming\npm\node_modules\yarn\bin\yarn.js

PATH: 
  C:\Users\57481\bin;C:\Program Files\Git\mingw64\bin;C:\Program Files\Git\usr\local\bin;C:\Program Files\Git\usr\bin;C:\Program Files\Git\usr\bin;C:\Program Files\Git\mingw64\bin;C:\Program Files\Git\usr\bin;C:\Users\57481\bin;C:\Program Files\Common Files\Oracle\Java\javapath;C:\Windows\system32;C:\Windows;C:\Windows\System32\Wbem;C:\Windows\System32\WindowsPowerShell\v1.0;C:\Windows\System32\OpenSSH;C:\Program Files (x86)\NVIDIA Corporation\PhysX\Common;C:\Program Files\NVIDIA Corporation\NVIDIA NvDLISR;C:\WINDOWS\system32;C:\WINDOWS;C:\WINDOWS\System32\Wbem;C:\WINDOWS\System32\WindowsPowerShell\v1.0;C:\WINDOWS\System32\OpenSSH;C:\Program Files\Git\cmd;C:\Program Files (x86)\nodejs;C:\Program Files\Bandizip;C:\Program Files\Java\jdk-11.0.15.1\bin;C:\Program Files\Java\jdk-11.0.15.1\jre\bin;C:\Program Files\MySQL\MySQL Server 8.0\bin;C:\Program Files (x86)\Tencent\微信web开发者工具\dll;C:\Program Files\MySQL\MySQL Shell 8.0\bin;C:\Users\57481\AppData\Local\Microsoft\WindowsApps;C:\Users\57481\AppData\Local\Programs\Microsoft VS Code\bin;C:\Users\57481\AppData\Roaming\npm;C:\Program Files\Git\usr\bin\vendor_perl;C:\Program Files\Git\usr\bin\core_perl

Yarn version: 
  1.22.18

Node version: 
  14.15.4

Platform: 
  win32 ia32

Trace: 
  Error: read ECONNRESET
      at TCP.onStreamRead (internal/stream_base_commons.js:209:20)

npm manifest: 
  {
    "name": "webpack-react-admin",
    "version": "2.1.1",
    "description": "快速搭建前端React项目，减少webpack配置学习成本",
    "main": "index.js",
    "bin": {
      "webpack-react-admin": "./index.js"
    },
    "scripts": {
      "start": "cd Example/normal && npm start",
      "build": "cd Example/normal && npm run build"
    },
    "author": "lvpangpang",
    "license": "ISC",
    "dependencies": {
      "@babel/core": "7.9.0",
      "@babel/eslint-parser": "7.14.2",
      "@babel/plugin-proposal-class-properties": "7.12.1",
      "@babel/plugin-proposal-decorators": "7.12.1",
      "@babel/preset-env": "7.9.5",
      "@babel/preset-react": "7.9.4",
      "@babel/preset-typescript": "7.12.7",
      "@pmmmwh/react-refresh-webpack-plugin": "0.5.4",
      "autoprefixer": "8.0.0",
      "babel-loader": "8.1.0",
      "babel-plugin-import": "1.13.1",
      "chalk": "4.1.1",
      "chokidar": "^3.5.2",
      "cli-table": "0.3.6",
      "copy-webpack-plugin": "9.0.1",
      "core-js": "3.12.1",
      "cross-env": "7.0.2",
      "css-loader": "6.5.0",
      "detect-port": "1.3.0",
      "eslint": "7.26.0",
      "eslint-config-airbnb-base": "14.2.1",
      "eslint-friendly-formatter": "4.0.1",
      "eslint-webpack-plugin": "2.5.4",
      "fs-extra": "10.0.0",
      "glob": "7.2.0",
      "html-webpack-plugin": "5.5.0",
      "ip": "1.1.5",
      "less": "3.11.2",
      "less-loader": "6.1.0",
      "open": "8.2.0",
      "optimize-css-assets-webpack-plugin": "5.0.3",
      "postcss-loader": "4.2.0",
      "react-eslint-config": "0.0.5",
      "react-refresh": "0.11.0",
      "semver": "7.3.5",
      "shelljs": "0.8.4",
      "style-loader": "1.2.0",
      "uglifyjs-webpack-plugin": "2.2.0",
      "url-loader": "4.1.1",
      "webpack": "5.51.1",
      "webpack-dev-server": "4.0.0",
      "webpack-merge": "4.2.2",
      "webpackbar": "2.6.4"
    },
    "devDependencies": {
      "antd": "4.16.11",
      "antd-mobile": "2.3.4",
      "mobx": "6.0.4",
      "mobx-react-lite": "3.2.0",
      "react": "17.0.1",
      "react-dom": "17.0.1",
      "react-router-dom": "5.2.0"
    }
  }

yarn manifest: 
  No manifest

Lockfile: 
  No lockfile
